1588784150743	mozrunner::runner	INFO	Running command: "/usr/bin/firefox" "-marionette" "-foreground" "-no-remote" "-profile" "/tmp/rust_mozprofilewkmCY7"
1588784153465	addons.webextension.screenshots@mozilla.org	WARN	Loading extension 'screenshots@mozilla.org': Reading manifest: Invalid extension permission: mozillaAddons
1588784153469	addons.webextension.screenshots@mozilla.org	WARN	Loading extension 'screenshots@mozilla.org': Reading manifest: Invalid extension permission: telemetry
1588784153471	addons.webextension.screenshots@mozilla.org	WARN	Loading extension 'screenshots@mozilla.org': Reading manifest: Invalid extension permission: resource://pdf.js/
1588784153474	addons.webextension.screenshots@mozilla.org	WARN	Loading extension 'screenshots@mozilla.org': Reading manifest: Invalid extension permission: about:reader*
JavaScript error: undefined, line 14: Error: An unexpected error occurred
JavaScript error: moz-extension://1ee36f54-319c-4332-a9b3-0b6ecddf5572/lib/picture_in_picture_overrides.js, line 15: Error: Incorrect argument types for pictureInPictureParent.setOverrides.
JavaScript error: resource:///modules/sessionstore/SessionStore.jsm, line 1325: uncaught exception: 2147746065
1588784164258	Marionette	INFO	Listening on port 46881
1588784164390	Marionette	WARN	TLS certificate errors will be ignored for this session
JavaScript error: https://www.gstatic.com/_/mss/boq-one-google/_/js/k=boq-one-google.OneGoogleWidgetUi.en.45bm1goZgCw.es5.O/am=JCA/d=1/excm=_b,_tp,appwidgetnoauthview/ed=1/dg=0/wt=2/ct=zgms/rs=AM-SdHvrSKLgtDQs6GKW1d6EodK66ILhgQ/m=_b,_tp, line 411: NS_ERROR_NOT_INITIALIZED: 
[Child 10324, Chrome_ChildThread] WARNING: pipe error: Broken pipe: file /build/firefox-esr-JZArCW/firefox-esr-68.6.0esr/ipc/chromium/src/chrome/common/ipc_channel_posix.cc, line 727
[Child 10324, Chrome_ChildThread] WARNING: pipe error: Broken pipe: file /build/firefox-esr-JZArCW/firefox-esr-68.6.0esr/ipc/chromium/src/chrome/common/ipc_channel_posix.cc, line 727
1588784181511	Marionette	INFO	Stopped listening on port 46881
1588836996728	mozrunner::runner	INFO	Running command: "/usr/bin/firefox" "-marionette" "-foreground" "-no-remote" "-profile" "/tmp/rust_mozprofileOpsxC9"
1588836998493	addons.webextension.screenshots@mozilla.org	WARN	Loading extension 'screenshots@mozilla.org': Reading manifest: Invalid extension permission: mozillaAddons
1588836998494	addons.webextension.screenshots@mozilla.org	WARN	Loading extension 'screenshots@mozilla.org': Reading manifest: Invalid extension permission: telemetry
1588836998495	addons.webextension.screenshots@mozilla.org	WARN	Loading extension 'screenshots@mozilla.org': Reading manifest: Invalid extension permission: resource://pdf.js/
1588836998495	addons.webextension.screenshots@mozilla.org	WARN	Loading extension 'screenshots@mozilla.org': Reading manifest: Invalid extension permission: about:reader*
JavaScript error: undefined, line 14: Error: An unexpected error occurred
JavaScript error: moz-extension://c5c5787c-d5cb-4887-b27c-b2a3f8fa427d/lib/picture_in_picture_overrides.js, line 15: Error: Incorrect argument types for pictureInPictureParent.setOverrides.
JavaScript error: resource:///modules/sessionstore/SessionStore.jsm, line 1325: uncaught exception: 2147746065
1588837004512	Marionette	INFO	Listening on port 40641
1588837004614	Marionette	WARN	TLS certificate errors will be ignored for this session
1588993508951	mozrunner::runner	INFO	Running command: "/usr/bin/firefox" "-marionette" "-foreground" "-no-remote" "-profile" "/tmp/rust_mozprofilejYOgvA"
1588993511347	addons.webextension.screenshots@mozilla.org	WARN	Loading extension 'screenshots@mozilla.org': Reading manifest: Invalid extension permission: mozillaAddons
1588993511348	addons.webextension.screenshots@mozilla.org	WARN	Loading extension 'screenshots@mozilla.org': Reading manifest: Invalid extension permission: telemetry
1588993511348	addons.webextension.screenshots@mozilla.org	WARN	Loading extension 'screenshots@mozilla.org': Reading manifest: Invalid extension permission: resource://pdf.js/
1588993511348	addons.webextension.screenshots@mozilla.org	WARN	Loading extension 'screenshots@mozilla.org': Reading manifest: Invalid extension permission: about:reader*
JavaScript error: undefined, line 14: Error: An unexpected error occurred
JavaScript error: moz-extension://b20445c5-020d-4664-a972-1a73264c8276/lib/picture_in_picture_overrides.js, line 15: Error: Incorrect argument types for pictureInPictureParent.setOverrides.
JavaScript error: resource:///modules/sessionstore/SessionStore.jsm, line 1325: uncaught exception: 2147746065
1588993520083	Marionette	INFO	Listening on port 39795
1588993520160	Marionette	WARN	TLS certificate errors will be ignored for this session
